<?xml version="1.0" encoding="UTF-8"?>
<!-- Generated by org.testng.reporters.JUnitXMLReporter -->
<testsuite hostname="LAPTOP-FCF0NK19" ignored="0" name="MyTest" tests="13" failures="1" timestamp="2022-03-15T18:46:56 IST" time="46.778" errors="0">
  <testcase name="verifyLoggedUsername" time="0.505" classname="executeClasses.ExecuteLogin"/>
  <testcase name="verifyLoginButtonText" time="0.023" classname="executeClasses.ExecuteLogin"/>
  <testcase name="verifyRememberCheckBoxIsSelected" time="1.264" classname="executeClasses.ExecuteLogin">
    <failure type="org.openqa.selenium.ElementClickInterceptedException" message="element click intercepted: Element &amp;lt;input type=&amp;quot;checkbox&amp;quot; id=&amp;quot;remember&amp;quot; class=&amp;quot;ace&amp;quot; name=&amp;quot;remember_me&amp;quot; value=&amp;quot;yes&amp;quot;&amp;gt; is not clickable at point (529, 399). Other element would receive the click: &amp;lt;label for=&amp;quot;remember&amp;quot;&amp;gt;...&amp;lt;/label&amp;gt;
  (Session info: chrome=99.0.4844.51)
Build info: version: &amp;apos;4.1.2&amp;apos;, revision: &amp;apos;9a5a329c5a&amp;apos;
System info: host: &amp;apos;LAPTOP-FCF0NK19&amp;apos;, ip: &amp;apos;192.168.10.39&amp;apos;, os.name: &amp;apos;Windows 10&amp;apos;, os.arch: &amp;apos;amd64&amp;apos;, os.version: &amp;apos;10.0&amp;apos;, java.version: &amp;apos;1.8.0_202&amp;apos;
Driver info: org.openqa.selenium.chrome.ChromeDriver
Command: [da7e24f2b7235465610bd518f32d2c11, clickElement {id=9bb7a066-dd6f-4a83-ac06-bb8d898e9699}]
Capabilities {acceptInsecureCerts: false, browserName: chrome, browserVersion: 99.0.4844.51, chrome: {chromedriverVersion: 99.0.4844.51 (d537ec02474b5..., userDataDir: C:\Users\user\AppData\Local...}, goog:chromeOptions: {debuggerAddress: localhost:54982}, javascriptEnabled: true, networkConnectionEnabled: false, pageLoadStrategy: normal, platform: WINDOWS, platformName: WINDOWS, proxy: Proxy(), se:cdp: ws://localhost:54982/devtoo..., se:cdpVersion: 99.0.4844.51, setWindowRect: true, strictFileInteractability: false, timeouts: {implicit: 0, pageLoad: 300000, script: 30000}, unhandledPromptBehavior: dismiss and notify, webauthn:extension:credBlob: true, webauthn:extension:largeBlob: true, webauthn:virtualAuthenticators: true}
Element: [[ChromeDriver: chrome on WINDOWS (da7e24f2b7235465610bd518f32d2c11)] -&amp;gt; xpath: //div[@class=&amp;apos;icheck-dark&amp;apos;]//input]
Session ID: da7e24f2b7235465610bd518f32d2c11">
      <![CDATA[org.openqa.selenium.ElementClickInterceptedException: element click intercepted: Element <input type="checkbox" id="remember" class="ace" name="remember_me" value="yes"> is not clickable at point (529, 399). Other element would receive the click: <label for="remember">...</label>
  (Session info: chrome=99.0.4844.51)
Build info: version: '4.1.2', revision: '9a5a329c5a'
System info: host: 'LAPTOP-FCF0NK19', ip: '192.168.10.39', os.name: 'Windows 10', os.arch: 'amd64', os.version: '10.0', java.version: '1.8.0_202'
Driver info: org.openqa.selenium.chrome.ChromeDriver
Command: [da7e24f2b7235465610bd518f32d2c11, clickElement {id=9bb7a066-dd6f-4a83-ac06-bb8d898e9699}]
Capabilities {acceptInsecureCerts: false, browserName: chrome, browserVersion: 99.0.4844.51, chrome: {chromedriverVersion: 99.0.4844.51 (d537ec02474b5..., userDataDir: C:\Users\user\AppData\Local...}, goog:chromeOptions: {debuggerAddress: localhost:54982}, javascriptEnabled: true, networkConnectionEnabled: false, pageLoadStrategy: normal, platform: WINDOWS, platformName: WINDOWS, proxy: Proxy(), se:cdp: ws://localhost:54982/devtoo..., se:cdpVersion: 99.0.4844.51, setWindowRect: true, strictFileInteractability: false, timeouts: {implicit: 0, pageLoad: 300000, script: 30000}, unhandledPromptBehavior: dismiss and notify, webauthn:extension:credBlob: true, webauthn:extension:largeBlob: true, webauthn:virtualAuthenticators: true}
Element: [[ChromeDriver: chrome on WINDOWS (da7e24f2b7235465610bd518f32d2c11)] -> xpath: //div[@class='icheck-dark']//input]
Session ID: da7e24f2b7235465610bd518f32d2c11
at org.openqa.selenium.remote.codec.w3c.W3CHttpResponseCodec.createException(W3CHttpResponseCodec.java:200)
at org.openqa.selenium.remote.codec.w3c.W3CHttpResponseCodec.decode(W3CHttpResponseCodec.java:133)
at org.openqa.selenium.remote.codec.w3c.W3CHttpResponseCodec.decode(W3CHttpResponseCodec.java:53)
at org.openqa.selenium.remote.HttpCommandExecutor.execute(HttpCommandExecutor.java:184)
at org.openqa.selenium.remote.service.DriverCommandExecutor.invokeExecute(DriverCommandExecutor.java:167)
at org.openqa.selenium.remote.service.DriverCommandExecutor.execute(DriverCommandExecutor.java:142)
at org.openqa.selenium.remote.RemoteWebDriver.execute(RemoteWebDriver.java:558)
at org.openqa.selenium.remote.RemoteWebElement.execute(RemoteWebElement.java:251)
at org.openqa.selenium.remote.RemoteWebElement.click(RemoteWebElement.java:77)
at org.openqa.selenium.support.pagefactory.internal.LocatingElementHandler.invoke(LocatingElementHandler.java:52)
at com.sun.proxy.$Proxy9.click(Unknown Source)
at Utilities.GeneralUtilities.clickOnElement(GeneralUtilities.java:21)
at elementRepository.LoginPage.clickRememberMeCheckBox(LoginPage.java:72)
at executeClasses.ExecuteLogin.verifyRememberCheckBoxIsSelected(ExecuteLogin.java:34)
at java.util.ArrayList.forEach(ArrayList.java:1257)
... Removed 35 stack frames]]>
    </failure>
  </testcase> <!-- verifyRememberCheckBoxIsSelected -->
  <testcase name="verifyErrorMessageForNoMatch" time="1.576" classname="executeClasses.ExecuteExpenseCategory"/>
  <testcase name="verifyNoTwoExpensesWithSameNameCanBeCreated" time="1.587" classname="executeClasses.ExecuteExpenseCategory"/>
  <testcase name="verifyTextOfNewButton" time="1.009" classname="executeClasses.ExecuteExpenseCategory"/>
  <testcase name="verifyThatUserIsAbleToSearchExpenseCategory" time="1.497" classname="executeClasses.ExecuteExpenseCategory"/>
  <testcase name="verifyUserAbleToAddExpenseCategory" time="4.613" classname="executeClasses.ExecuteExpenseCategory"/>
  <testcase name="verifyRadioButtonIsSelected" time="0.903" classname="executeClasses.ExecuteManageCOD"/>
  <testcase name="verifyNextButtonIsEnabled" time="1.371" classname="executeClasses.ExecuteManageExpense"/>
  <testcase name="verifyErrorMessageForNoMatch" time="1.563" classname="executeClasses.ExecuteManageLocation"/>
  <testcase name="verifyUserCanChangeDeliveryTime" time="4.229" classname="executeClasses.ExecuteManageOrder"/>
  <testcase name="verifyUserIsAbleToViewOrderDetails" time="2.207" classname="executeClasses.ExecuteManageOrder"/>
</testsuite> <!-- MyTest -->
