<?xml version="1.0" encoding="UTF-8"?>
<!-- Generated by org.testng.reporters.JUnitXMLReporter -->
<testsuite hostname="LAPTOP-FCF0NK19" ignored="0" name="Chrome Test " tests="30" failures="2" timestamp="2022-03-21T14:14:48 IST" time="128.257" errors="0">
  <testcase name="verifyLoggedUsername" time="0.511" classname="executeClasses.ExecuteLogin"/>
  <testcase name="verifyLoginButtonText" time="0.044" classname="executeClasses.ExecuteLogin"/>
  <testcase name="verifyThatUserCannotLoginWithInvalidCredentials" time="0.264" classname="executeClasses.ExecuteLogin"/>
  <testcase name="verifyUserAbleToLoginWithValidCredentials" time="0.4" classname="executeClasses.ExecuteLogin"/>
  <testcase name="verifyUserIsAbleToClickRemembermeCheckBox" time="0.076" classname="executeClasses.ExecuteLogin"/>
  <testcase name="verifyErrorMessageForNoMatch" time="1.648" classname="executeClasses.ExecuteExpenseCategory"/>
  <testcase name="verifyNoTwoExpensesWithSameNameCanBeCreated" time="1.654" classname="executeClasses.ExecuteExpenseCategory"/>
  <testcase name="verifyTextOfNewButton" time="4.077" classname="executeClasses.ExecuteExpenseCategory"/>
  <testcase name="verifyThatUserIsAbleToSearchExpenseCategory" time="1.601" classname="executeClasses.ExecuteExpenseCategory"/>
  <testcase name="verifyUserAbleToAddExpenseCategory" time="1.609" classname="executeClasses.ExecuteExpenseCategory"/>
  <testcase name="verifyUserAbleToEditCODInformation" time="1.766" classname="executeClasses.ExecuteManageCOD"/>
  <testcase name="verifyUserAbleToAddNewExpense" time="2.856" classname="executeClasses.ExecuteManageExpense">
    <failure type="org.openqa.selenium.interactions.MoveTargetOutOfBoundsException" message="move target out of bounds
  (Session info: chrome=99.0.4844.82)
Build info: version: &amp;apos;4.1.2&amp;apos;, revision: &amp;apos;9a5a329c5a&amp;apos;
System info: host: &amp;apos;LAPTOP-FCF0NK19&amp;apos;, ip: &amp;apos;192.168.10.39&amp;apos;, os.name: &amp;apos;Windows 10&amp;apos;, os.arch: &amp;apos;amd64&amp;apos;, os.version: &amp;apos;10.0&amp;apos;, java.version: &amp;apos;1.8.0_202&amp;apos;
Driver info: org.openqa.selenium.chrome.ChromeDriver
Command: [befb23e9c85f51cd0fbed03f71c1c862, actions {actions=[org.openqa.selenium.interactions.Sequence@4391a2d8]}]
Capabilities {acceptInsecureCerts: false, browserName: chrome, browserVersion: 99.0.4844.82, chrome: {chromedriverVersion: 99.0.4844.51 (d537ec02474b5..., userDataDir: C:\Users\user\AppData\Local...}, goog:chromeOptions: {debuggerAddress: localhost:61512}, javascriptEnabled: true, networkConnectionEnabled: false, pageLoadStrategy: normal, platform: WINDOWS, platformName: WINDOWS, proxy: Proxy(), se:cdp: ws://localhost:61512/devtoo..., se:cdpVersion: 99.0.4844.82, setWindowRect: true, strictFileInteractability: false, timeouts: {implicit: 0, pageLoad: 300000, script: 30000}, unhandledPromptBehavior: dismiss and notify, webauthn:extension:credBlob: true, webauthn:extension:largeBlob: true, webauthn:virtualAuthenticators: true}
Session ID: befb23e9c85f51cd0fbed03f71c1c862">
      <![CDATA[org.openqa.selenium.interactions.MoveTargetOutOfBoundsException: move target out of bounds
  (Session info: chrome=99.0.4844.82)
Build info: version: '4.1.2', revision: '9a5a329c5a'
System info: host: 'LAPTOP-FCF0NK19', ip: '192.168.10.39', os.name: 'Windows 10', os.arch: 'amd64', os.version: '10.0', java.version: '1.8.0_202'
Driver info: org.openqa.selenium.chrome.ChromeDriver
Command: [befb23e9c85f51cd0fbed03f71c1c862, actions {actions=[org.openqa.selenium.interactions.Sequence@4391a2d8]}]
Capabilities {acceptInsecureCerts: false, browserName: chrome, browserVersion: 99.0.4844.82, chrome: {chromedriverVersion: 99.0.4844.51 (d537ec02474b5..., userDataDir: C:\Users\user\AppData\Local...}, goog:chromeOptions: {debuggerAddress: localhost:61512}, javascriptEnabled: true, networkConnectionEnabled: false, pageLoadStrategy: normal, platform: WINDOWS, platformName: WINDOWS, proxy: Proxy(), se:cdp: ws://localhost:61512/devtoo..., se:cdpVersion: 99.0.4844.82, setWindowRect: true, strictFileInteractability: false, timeouts: {implicit: 0, pageLoad: 300000, script: 30000}, unhandledPromptBehavior: dismiss and notify, webauthn:extension:credBlob: true, webauthn:extension:largeBlob: true, webauthn:virtualAuthenticators: true}
Session ID: befb23e9c85f51cd0fbed03f71c1c862
at org.openqa.selenium.remote.codec.w3c.W3CHttpResponseCodec.createException(W3CHttpResponseCodec.java:200)
at org.openqa.selenium.remote.codec.w3c.W3CHttpResponseCodec.decode(W3CHttpResponseCodec.java:133)
at org.openqa.selenium.remote.codec.w3c.W3CHttpResponseCodec.decode(W3CHttpResponseCodec.java:53)
at org.openqa.selenium.remote.HttpCommandExecutor.execute(HttpCommandExecutor.java:184)
at org.openqa.selenium.remote.service.DriverCommandExecutor.invokeExecute(DriverCommandExecutor.java:167)
at org.openqa.selenium.remote.service.DriverCommandExecutor.execute(DriverCommandExecutor.java:142)
at org.openqa.selenium.remote.RemoteWebDriver.execute(RemoteWebDriver.java:558)
at org.openqa.selenium.remote.RemoteWebDriver.perform(RemoteWebDriver.java:626)
at org.openqa.selenium.interactions.Actions$BuiltAction.perform(Actions.java:656)
at org.openqa.selenium.interactions.Actions.perform(Actions.java:612)
at Utilities.GeneralUtilities.mouseHoverElement(GeneralUtilities.java:28)
at elementRepository.ManageExpensePage.mouseHoverSaveButton(ManageExpensePage.java:88)
at executeClasses.ExecuteManageExpense.verifyUserAbleToAddNewExpense(ExecuteManageExpense.java:45)
at java.util.ArrayList.forEach(ArrayList.java:1257)
... Removed 31 stack frames]]>
    </failure>
  </testcase> <!-- verifyUserAbleToAddNewExpense -->
  <testcase name="verifyErrorMessageForNoMatch" time="1.673" classname="executeClasses.ExecuteManageLocation"/>
  <testcase name="verifyUserAbleToAddLocation" time="7.119" classname="executeClasses.ExecuteManageLocation"/>
  <testcase name="verifyUserAbleToChangeLocationStatus" time="4.96" classname="executeClasses.ExecuteManageLocation"/>
  <testcase name="verifyUserAbleToSearchLocationWithCountryName" time="1.554" classname="executeClasses.ExecuteManageLocation"/>
  <testcase name="verifyErrorMessageforNoSearch" time="1.917" classname="executeClasses.ExecuteManageOrder"/>
  <testcase name="verifyUserCanChangeDeliveryTime" time="4.052" classname="executeClasses.ExecuteManageOrder"/>
  <testcase name="verifyUserIsAbleToViewOrderDetails" time="2.25" classname="executeClasses.ExecuteManageOrder"/>
  <testcase name="verifyWorkingOfResetButton" time="2.041" classname="executeClasses.ExecuteManageOrder"/>
  <testcase name="verifyTextOfNextButton" time="1.301" classname="executeClasses.ExecuteManageCategory"/>
  <testcase name="verifyUserAbleToNavigateToAddCategoryPage" time="2.711" classname="executeClasses.ExecuteManageCategory"/>
  <testcase name="verifyUserAbleToNavigateToAddSubCategoryPage" time="2.065" classname="executeClasses.ExecuteManageCategory"/>
  <testcase name="verifyUserCanEditSubCategoryInformation" time="3.051" classname="executeClasses.ExecuteManageCategory"/>
  <testcase name="verifyErrorMessageForInvalidSearch" time="1.426" classname="executeClasses.ExecuteManageGroups"/>
  <testcase name="verifyNoTwoGroupsWithSameNameCanBeCreated" time="2.264" classname="executeClasses.ExecuteManageGroups"/>
  <testcase name="verifyUserAbleToCreateGroup" time="3.296" classname="executeClasses.ExecuteManageGroups"/>
  <testcase name="verifyUserAbleToSearchASpecificGroup" time="1.463" classname="executeClasses.ExecuteManageGroups"/>
  <testcase name="verifyUserCanDeleteASpecificGroup" time="4.04" classname="executeClasses.ExecuteManageGroups"/>
  <testcase name="verifyThatUserIsAbleToCreateNewDeliveryBoy" time="2.972" classname="executeClasses.ExecuteManageDeliverBoyPage">
    <failure type="org.openqa.selenium.ElementClickInterceptedException" message="element click intercepted: Element is not clickable at point (334, 772)
  (Session info: chrome=99.0.4844.82)
Build info: version: &amp;apos;4.1.2&amp;apos;, revision: &amp;apos;9a5a329c5a&amp;apos;
System info: host: &amp;apos;LAPTOP-FCF0NK19&amp;apos;, ip: &amp;apos;192.168.10.39&amp;apos;, os.name: &amp;apos;Windows 10&amp;apos;, os.arch: &amp;apos;amd64&amp;apos;, os.version: &amp;apos;10.0&amp;apos;, java.version: &amp;apos;1.8.0_202&amp;apos;
Driver info: org.openqa.selenium.chrome.ChromeDriver
Command: [f440fff4800bcc6643d10f3c3ab299b4, clickElement {id=5b877342-42c2-4bdc-b765-bb3bb0836f98}]
Capabilities {acceptInsecureCerts: false, browserName: chrome, browserVersion: 99.0.4844.82, chrome: {chromedriverVersion: 99.0.4844.51 (d537ec02474b5..., userDataDir: C:\Users\user\AppData\Local...}, goog:chromeOptions: {debuggerAddress: localhost:61884}, javascriptEnabled: true, networkConnectionEnabled: false, pageLoadStrategy: normal, platform: WINDOWS, platformName: WINDOWS, proxy: Proxy(), se:cdp: ws://localhost:61884/devtoo..., se:cdpVersion: 99.0.4844.82, setWindowRect: true, strictFileInteractability: false, timeouts: {implicit: 0, pageLoad: 300000, script: 30000}, unhandledPromptBehavior: dismiss and notify, webauthn:extension:credBlob: true, webauthn:extension:largeBlob: true, webauthn:virtualAuthenticators: true}
Element: [[ChromeDriver: chrome on WINDOWS (f440fff4800bcc6643d10f3c3ab299b4)] -&amp;gt; name: create]
Session ID: f440fff4800bcc6643d10f3c3ab299b4">
      <![CDATA[org.openqa.selenium.ElementClickInterceptedException: element click intercepted: Element is not clickable at point (334, 772)
  (Session info: chrome=99.0.4844.82)
Build info: version: '4.1.2', revision: '9a5a329c5a'
System info: host: 'LAPTOP-FCF0NK19', ip: '192.168.10.39', os.name: 'Windows 10', os.arch: 'amd64', os.version: '10.0', java.version: '1.8.0_202'
Driver info: org.openqa.selenium.chrome.ChromeDriver
Command: [f440fff4800bcc6643d10f3c3ab299b4, clickElement {id=5b877342-42c2-4bdc-b765-bb3bb0836f98}]
Capabilities {acceptInsecureCerts: false, browserName: chrome, browserVersion: 99.0.4844.82, chrome: {chromedriverVersion: 99.0.4844.51 (d537ec02474b5..., userDataDir: C:\Users\user\AppData\Local...}, goog:chromeOptions: {debuggerAddress: localhost:61884}, javascriptEnabled: true, networkConnectionEnabled: false, pageLoadStrategy: normal, platform: WINDOWS, platformName: WINDOWS, proxy: Proxy(), se:cdp: ws://localhost:61884/devtoo..., se:cdpVersion: 99.0.4844.82, setWindowRect: true, strictFileInteractability: false, timeouts: {implicit: 0, pageLoad: 300000, script: 30000}, unhandledPromptBehavior: dismiss and notify, webauthn:extension:credBlob: true, webauthn:extension:largeBlob: true, webauthn:virtualAuthenticators: true}
Element: [[ChromeDriver: chrome on WINDOWS (f440fff4800bcc6643d10f3c3ab299b4)] -> name: create]
Session ID: f440fff4800bcc6643d10f3c3ab299b4
at org.openqa.selenium.remote.codec.w3c.W3CHttpResponseCodec.createException(W3CHttpResponseCodec.java:200)
at org.openqa.selenium.remote.codec.w3c.W3CHttpResponseCodec.decode(W3CHttpResponseCodec.java:133)
at org.openqa.selenium.remote.codec.w3c.W3CHttpResponseCodec.decode(W3CHttpResponseCodec.java:53)
at org.openqa.selenium.remote.HttpCommandExecutor.execute(HttpCommandExecutor.java:184)
at org.openqa.selenium.remote.service.DriverCommandExecutor.invokeExecute(DriverCommandExecutor.java:167)
at org.openqa.selenium.remote.service.DriverCommandExecutor.execute(DriverCommandExecutor.java:142)
at org.openqa.selenium.remote.RemoteWebDriver.execute(RemoteWebDriver.java:558)
at org.openqa.selenium.remote.RemoteWebElement.execute(RemoteWebElement.java:251)
at org.openqa.selenium.remote.RemoteWebElement.click(RemoteWebElement.java:77)
at org.openqa.selenium.support.pagefactory.internal.LocatingElementHandler.invoke(LocatingElementHandler.java:52)
at com.sun.proxy.$Proxy10.click(Unknown Source)
at Utilities.GeneralUtilities.clickOnElement(GeneralUtilities.java:23)
at elementRepository.ManageDeliveryBoy.clickSaveButton(ManageDeliveryBoy.java:79)
at executeClasses.ExecuteManageDeliverBoyPage.verifyThatUserIsAbleToCreateNewDeliveryBoy(ExecuteManageDeliverBoyPage.java:34)
at java.util.ArrayList.forEach(ArrayList.java:1257)
... Removed 34 stack frames]]>
    </failure>
  </testcase> <!-- verifyThatUserIsAbleToCreateNewDeliveryBoy -->
</testsuite> <!-- Chrome Test  -->
