<?xml version="1.0" encoding="UTF-8"?>
<!-- Generated by org.testng.reporters.JUnitXMLReporter -->
<testsuite hostname="LAPTOP-FCF0NK19" ignored="0" name="Chrome Test" tests="30" failures="4" timestamp="2022-03-21T14:00:51 IST" time="68.361" errors="0">
  <testcase name="verifyLoggedUsername" time="0.611" classname="executeClasses.ExecuteLogin"/>
  <testcase name="verifyErrorMessageForNoMatch" time="1.968" classname="executeClasses.ExecuteExpenseCategory"/>
  <testcase name="verifyLoginButtonText" time="0.058" classname="executeClasses.ExecuteLogin"/>
  <testcase name="verifyThatUserCannotLoginWithInvalidCredentials" time="0.289" classname="executeClasses.ExecuteLogin"/>
  <testcase name="verifyNoTwoExpensesWithSameNameCanBeCreated" time="1.89" classname="executeClasses.ExecuteExpenseCategory"/>
  <testcase name="verifyUserAbleToLoginWithValidCredentials" time="0.594" classname="executeClasses.ExecuteLogin"/>
  <testcase name="verifyUserIsAbleToClickRemembermeCheckBox" time="0.086" classname="executeClasses.ExecuteLogin"/>
  <testcase name="verifyTextOfNewButton" time="4.321" classname="executeClasses.ExecuteExpenseCategory"/>
  <testcase name="verifyUserAbleToEditCODInformation" time="1.854" classname="executeClasses.ExecuteManageCOD"/>
  <testcase name="verifyThatUserIsAbleToSearchExpenseCategory" time="1.629" classname="executeClasses.ExecuteExpenseCategory"/>
  <testcase name="verifyUserAbleToAddNewExpense" time="3.039" classname="executeClasses.ExecuteManageExpense">
    <failure type="org.openqa.selenium.interactions.MoveTargetOutOfBoundsException" message="move target out of bounds
  (Session info: chrome=99.0.4844.82)
Build info: version: &amp;apos;4.1.2&amp;apos;, revision: &amp;apos;9a5a329c5a&amp;apos;
System info: host: &amp;apos;LAPTOP-FCF0NK19&amp;apos;, ip: &amp;apos;192.168.10.39&amp;apos;, os.name: &amp;apos;Windows 10&amp;apos;, os.arch: &amp;apos;amd64&amp;apos;, os.version: &amp;apos;10.0&amp;apos;, java.version: &amp;apos;1.8.0_202&amp;apos;
Driver info: org.openqa.selenium.chrome.ChromeDriver
Command: [dc8d1e8b0a482cf4c3246015939202ba, actions {actions=[org.openqa.selenium.interactions.Sequence@2f2737bf]}]
Capabilities {acceptInsecureCerts: false, browserName: chrome, browserVersion: 99.0.4844.82, chrome: {chromedriverVersion: 99.0.4844.51 (d537ec02474b5..., userDataDir: C:\Users\user\AppData\Local...}, goog:chromeOptions: {debuggerAddress: localhost:60635}, javascriptEnabled: true, networkConnectionEnabled: false, pageLoadStrategy: normal, platform: WINDOWS, platformName: WINDOWS, proxy: Proxy(), se:cdp: ws://localhost:60635/devtoo..., se:cdpVersion: 99.0.4844.82, setWindowRect: true, strictFileInteractability: false, timeouts: {implicit: 0, pageLoad: 300000, script: 30000}, unhandledPromptBehavior: dismiss and notify, webauthn:extension:credBlob: true, webauthn:extension:largeBlob: true, webauthn:virtualAuthenticators: true}
Session ID: dc8d1e8b0a482cf4c3246015939202ba">
      <![CDATA[org.openqa.selenium.interactions.MoveTargetOutOfBoundsException: move target out of bounds
  (Session info: chrome=99.0.4844.82)
Build info: version: '4.1.2', revision: '9a5a329c5a'
System info: host: 'LAPTOP-FCF0NK19', ip: '192.168.10.39', os.name: 'Windows 10', os.arch: 'amd64', os.version: '10.0', java.version: '1.8.0_202'
Driver info: org.openqa.selenium.chrome.ChromeDriver
Command: [dc8d1e8b0a482cf4c3246015939202ba, actions {actions=[org.openqa.selenium.interactions.Sequence@2f2737bf]}]
Capabilities {acceptInsecureCerts: false, browserName: chrome, browserVersion: 99.0.4844.82, chrome: {chromedriverVersion: 99.0.4844.51 (d537ec02474b5..., userDataDir: C:\Users\user\AppData\Local...}, goog:chromeOptions: {debuggerAddress: localhost:60635}, javascriptEnabled: true, networkConnectionEnabled: false, pageLoadStrategy: normal, platform: WINDOWS, platformName: WINDOWS, proxy: Proxy(), se:cdp: ws://localhost:60635/devtoo..., se:cdpVersion: 99.0.4844.82, setWindowRect: true, strictFileInteractability: false, timeouts: {implicit: 0, pageLoad: 300000, script: 30000}, unhandledPromptBehavior: dismiss and notify, webauthn:extension:credBlob: true, webauthn:extension:largeBlob: true, webauthn:virtualAuthenticators: true}
Session ID: dc8d1e8b0a482cf4c3246015939202ba
at org.openqa.selenium.remote.codec.w3c.W3CHttpResponseCodec.createException(W3CHttpResponseCodec.java:200)
at org.openqa.selenium.remote.codec.w3c.W3CHttpResponseCodec.decode(W3CHttpResponseCodec.java:133)
at org.openqa.selenium.remote.codec.w3c.W3CHttpResponseCodec.decode(W3CHttpResponseCodec.java:53)
at org.openqa.selenium.remote.HttpCommandExecutor.execute(HttpCommandExecutor.java:184)
at org.openqa.selenium.remote.service.DriverCommandExecutor.invokeExecute(DriverCommandExecutor.java:167)
at org.openqa.selenium.remote.service.DriverCommandExecutor.execute(DriverCommandExecutor.java:142)
at org.openqa.selenium.remote.RemoteWebDriver.execute(RemoteWebDriver.java:558)
at org.openqa.selenium.remote.RemoteWebDriver.perform(RemoteWebDriver.java:626)
at org.openqa.selenium.interactions.Actions$BuiltAction.perform(Actions.java:656)
at org.openqa.selenium.interactions.Actions.perform(Actions.java:612)
at Utilities.GeneralUtilities.mouseHoverElement(GeneralUtilities.java:28)
at elementRepository.ManageExpensePage.mouseHoverSaveButton(ManageExpensePage.java:88)
at executeClasses.ExecuteManageExpense.verifyUserAbleToAddNewExpense(ExecuteManageExpense.java:45)
at java.util.concurrent.ThreadPoolExecutor.runWorker(ThreadPoolExecutor.java:1149)
at java.util.concurrent.ThreadPoolExecutor$Worker.run(ThreadPoolExecutor.java:624)
at java.lang.Thread.run(Thread.java:748)
... Removed 16 stack frames]]>
    </failure>
  </testcase> <!-- verifyUserAbleToAddNewExpense -->
  <testcase name="verifyUserAbleToAddExpenseCategory" time="1.773" classname="executeClasses.ExecuteExpenseCategory"/>
  <testcase name="verifyErrorMessageForNoMatch" time="1.824" classname="executeClasses.ExecuteManageLocation"/>
  <testcase name="verifyErrorMessageforNoSearch" time="2.475" classname="executeClasses.ExecuteManageOrder"/>
  <testcase name="verifyUserAbleToAddLocation" time="4.158" classname="executeClasses.ExecuteManageLocation">
    <failure type="org.openqa.selenium.StaleElementReferenceException" message="stale element reference: element is not attached to the page document
  (Session info: chrome=99.0.4844.82)
For documentation on this error, please visit: https://selenium.dev/exceptions/#stale_element_reference
Build info: version: &amp;apos;4.1.2&amp;apos;, revision: &amp;apos;9a5a329c5a&amp;apos;
System info: host: &amp;apos;LAPTOP-FCF0NK19&amp;apos;, ip: &amp;apos;192.168.10.39&amp;apos;, os.name: &amp;apos;Windows 10&amp;apos;, os.arch: &amp;apos;amd64&amp;apos;, os.version: &amp;apos;10.0&amp;apos;, java.version: &amp;apos;1.8.0_202&amp;apos;
Driver info: org.openqa.selenium.chrome.ChromeDriver
Command: [4796a34abffb8085168b351a3c58f90f, clickElement {id=959d4429-de69-47fc-b4d3-4fef570d03ce}]
Capabilities {acceptInsecureCerts: false, browserName: chrome, browserVersion: 99.0.4844.82, chrome: {chromedriverVersion: 99.0.4844.51 (d537ec02474b5..., userDataDir: C:\Users\user\AppData\Local...}, goog:chromeOptions: {debuggerAddress: localhost:60727}, javascriptEnabled: true, networkConnectionEnabled: false, pageLoadStrategy: normal, platform: WINDOWS, platformName: WINDOWS, proxy: Proxy(), se:cdp: ws://localhost:60727/devtoo..., se:cdpVersion: 99.0.4844.82, setWindowRect: true, strictFileInteractability: false, timeouts: {implicit: 0, pageLoad: 300000, script: 30000}, unhandledPromptBehavior: dismiss and notify, webauthn:extension:credBlob: true, webauthn:extension:largeBlob: true, webauthn:virtualAuthenticators: true}
Element: [[[[ChromeDriver: chrome on WINDOWS (4796a34abffb8085168b351a3c58f90f)] -&amp;gt; id: st_id]] -&amp;gt; xpath: .//option[normalize-space(.) = &amp;quot;Bristol&amp;quot;]]
Session ID: 4796a34abffb8085168b351a3c58f90f">
      <![CDATA[org.openqa.selenium.StaleElementReferenceException: stale element reference: element is not attached to the page document
  (Session info: chrome=99.0.4844.82)
For documentation on this error, please visit: https://selenium.dev/exceptions/#stale_element_reference
Build info: version: '4.1.2', revision: '9a5a329c5a'
System info: host: 'LAPTOP-FCF0NK19', ip: '192.168.10.39', os.name: 'Windows 10', os.arch: 'amd64', os.version: '10.0', java.version: '1.8.0_202'
Driver info: org.openqa.selenium.chrome.ChromeDriver
Command: [4796a34abffb8085168b351a3c58f90f, clickElement {id=959d4429-de69-47fc-b4d3-4fef570d03ce}]
Capabilities {acceptInsecureCerts: false, browserName: chrome, browserVersion: 99.0.4844.82, chrome: {chromedriverVersion: 99.0.4844.51 (d537ec02474b5..., userDataDir: C:\Users\user\AppData\Local...}, goog:chromeOptions: {debuggerAddress: localhost:60727}, javascriptEnabled: true, networkConnectionEnabled: false, pageLoadStrategy: normal, platform: WINDOWS, platformName: WINDOWS, proxy: Proxy(), se:cdp: ws://localhost:60727/devtoo..., se:cdpVersion: 99.0.4844.82, setWindowRect: true, strictFileInteractability: false, timeouts: {implicit: 0, pageLoad: 300000, script: 30000}, unhandledPromptBehavior: dismiss and notify, webauthn:extension:credBlob: true, webauthn:extension:largeBlob: true, webauthn:virtualAuthenticators: true}
Element: [[[[ChromeDriver: chrome on WINDOWS (4796a34abffb8085168b351a3c58f90f)] -> id: st_id]] -> xpath: .//option[normalize-space(.) = "Bristol"]]
Session ID: 4796a34abffb8085168b351a3c58f90f
at org.openqa.selenium.remote.codec.w3c.W3CHttpResponseCodec.createException(W3CHttpResponseCodec.java:200)
at org.openqa.selenium.remote.codec.w3c.W3CHttpResponseCodec.decode(W3CHttpResponseCodec.java:133)
at org.openqa.selenium.remote.codec.w3c.W3CHttpResponseCodec.decode(W3CHttpResponseCodec.java:53)
at org.openqa.selenium.remote.HttpCommandExecutor.execute(HttpCommandExecutor.java:184)
at org.openqa.selenium.remote.service.DriverCommandExecutor.invokeExecute(DriverCommandExecutor.java:167)
at org.openqa.selenium.remote.service.DriverCommandExecutor.execute(DriverCommandExecutor.java:142)
at org.openqa.selenium.remote.RemoteWebDriver.execute(RemoteWebDriver.java:558)
at org.openqa.selenium.remote.RemoteWebElement.execute(RemoteWebElement.java:251)
at org.openqa.selenium.remote.RemoteWebElement.click(RemoteWebElement.java:77)
at org.openqa.selenium.support.ui.Select.setSelected(Select.java:315)
at org.openqa.selenium.support.ui.Select.selectByVisibleText(Select.java:117)
at Utilities.GeneralUtilities.selectFromDropDown(GeneralUtilities.java:44)
at elementRepository.ManageLocationPage.selectState(ManageLocationPage.java:88)
at executeClasses.ExecuteManageLocation.verifyUserAbleToAddLocation(ExecuteManageLocation.java:94)
at java.util.concurrent.ThreadPoolExecutor.runWorker(ThreadPoolExecutor.java:1149)
at java.util.concurrent.ThreadPoolExecutor$Worker.run(ThreadPoolExecutor.java:624)
at java.lang.Thread.run(Thread.java:748)
... Removed 16 stack frames]]>
    </failure>
  </testcase> <!-- verifyUserAbleToAddLocation -->
  <testcase name="verifyUserCanChangeDeliveryTime" time="5.176" classname="executeClasses.ExecuteManageOrder"/>
  <testcase name="verifyUserAbleToChangeLocationStatus" time="4.89" classname="executeClasses.ExecuteManageLocation"/>
  <testcase name="verifyUserIsAbleToViewOrderDetails" time="2.313" classname="executeClasses.ExecuteManageOrder"/>
  <testcase name="verifyUserAbleToSearchLocationWithCountryName" time="2.289" classname="executeClasses.ExecuteManageLocation"/>
  <testcase name="verifyWorkingOfResetButton" time="2.507" classname="executeClasses.ExecuteManageOrder"/>
  <testcase name="verifyTextOfNextButton" time="1.677" classname="executeClasses.ExecuteManageCategory"/>
  <testcase name="verifyErrorMessageForInvalidSearch" time="1.907" classname="executeClasses.ExecuteManageGroups"/>
  <testcase name="verifyUserAbleToNavigateToAddCategoryPage" time="3.306" classname="executeClasses.ExecuteManageCategory"/>
  <testcase name="verifyNoTwoGroupsWithSameNameCanBeCreated" time="2.677" classname="executeClasses.ExecuteManageGroups"/>
  <testcase name="verifyUserAbleToNavigateToAddSubCategoryPage" time="2.349" classname="executeClasses.ExecuteManageCategory">
    <failure type="java.lang.AssertionError" message="expected [Add Sub Category | 7rmart supermarket] but found [Add Group | 7rmart supermarket]">
      <![CDATA[java.lang.AssertionError: expected [Add Sub Category | 7rmart supermarket] but found [Add Group | 7rmart supermarket]
at executeClasses.ExecuteManageCategory.verifyUserAbleToNavigateToAddSubCategoryPage(ExecuteManageCategory.java:76)
at java.util.concurrent.ThreadPoolExecutor.runWorker(ThreadPoolExecutor.java:1149)
at java.util.concurrent.ThreadPoolExecutor$Worker.run(ThreadPoolExecutor.java:624)
at java.lang.Thread.run(Thread.java:748)
... Removed 18 stack frames]]>
    </failure>
  </testcase> <!-- verifyUserAbleToNavigateToAddSubCategoryPage -->
  <testcase name="verifyUserAbleToCreateGroup" time="3.684" classname="executeClasses.ExecuteManageGroups"/>
  <testcase name="verifyUserCanEditSubCategoryInformation" time="3.58" classname="executeClasses.ExecuteManageCategory"/>
  <testcase name="verifyUserAbleToSearchASpecificGroup" time="1.718" classname="executeClasses.ExecuteManageGroups"/>
  <testcase name="verifyThatUserIsAbleToCreateNewDeliveryBoy" time="3.179" classname="executeClasses.ExecuteManageDeliverBoyPage">
    <failure type="org.openqa.selenium.ElementClickInterceptedException" message="element click intercepted: Element is not clickable at point (334, 782)
  (Session info: chrome=99.0.4844.82)
Build info: version: &amp;apos;4.1.2&amp;apos;, revision: &amp;apos;9a5a329c5a&amp;apos;
System info: host: &amp;apos;LAPTOP-FCF0NK19&amp;apos;, ip: &amp;apos;192.168.10.39&amp;apos;, os.name: &amp;apos;Windows 10&amp;apos;, os.arch: &amp;apos;amd64&amp;apos;, os.version: &amp;apos;10.0&amp;apos;, java.version: &amp;apos;1.8.0_202&amp;apos;
Driver info: org.openqa.selenium.chrome.ChromeDriver
Command: [05313b64722e18a71c8e60dd11314775, clickElement {id=d609f56f-9b0c-41bf-b226-6114b309a180}]
Capabilities {acceptInsecureCerts: false, browserName: chrome, browserVersion: 99.0.4844.82, chrome: {chromedriverVersion: 99.0.4844.51 (d537ec02474b5..., userDataDir: C:\Users\user\AppData\Local...}, goog:chromeOptions: {debuggerAddress: localhost:60997}, javascriptEnabled: true, networkConnectionEnabled: false, pageLoadStrategy: normal, platform: WINDOWS, platformName: WINDOWS, proxy: Proxy(), se:cdp: ws://localhost:60997/devtoo..., se:cdpVersion: 99.0.4844.82, setWindowRect: true, strictFileInteractability: false, timeouts: {implicit: 0, pageLoad: 300000, script: 30000}, unhandledPromptBehavior: dismiss and notify, webauthn:extension:credBlob: true, webauthn:extension:largeBlob: true, webauthn:virtualAuthenticators: true}
Element: [[ChromeDriver: chrome on WINDOWS (05313b64722e18a71c8e60dd11314775)] -&amp;gt; name: create]
Session ID: 05313b64722e18a71c8e60dd11314775">
      <![CDATA[org.openqa.selenium.ElementClickInterceptedException: element click intercepted: Element is not clickable at point (334, 782)
  (Session info: chrome=99.0.4844.82)
Build info: version: '4.1.2', revision: '9a5a329c5a'
System info: host: 'LAPTOP-FCF0NK19', ip: '192.168.10.39', os.name: 'Windows 10', os.arch: 'amd64', os.version: '10.0', java.version: '1.8.0_202'
Driver info: org.openqa.selenium.chrome.ChromeDriver
Command: [05313b64722e18a71c8e60dd11314775, clickElement {id=d609f56f-9b0c-41bf-b226-6114b309a180}]
Capabilities {acceptInsecureCerts: false, browserName: chrome, browserVersion: 99.0.4844.82, chrome: {chromedriverVersion: 99.0.4844.51 (d537ec02474b5..., userDataDir: C:\Users\user\AppData\Local...}, goog:chromeOptions: {debuggerAddress: localhost:60997}, javascriptEnabled: true, networkConnectionEnabled: false, pageLoadStrategy: normal, platform: WINDOWS, platformName: WINDOWS, proxy: Proxy(), se:cdp: ws://localhost:60997/devtoo..., se:cdpVersion: 99.0.4844.82, setWindowRect: true, strictFileInteractability: false, timeouts: {implicit: 0, pageLoad: 300000, script: 30000}, unhandledPromptBehavior: dismiss and notify, webauthn:extension:credBlob: true, webauthn:extension:largeBlob: true, webauthn:virtualAuthenticators: true}
Element: [[ChromeDriver: chrome on WINDOWS (05313b64722e18a71c8e60dd11314775)] -> name: create]
Session ID: 05313b64722e18a71c8e60dd11314775
at org.openqa.selenium.remote.codec.w3c.W3CHttpResponseCodec.createException(W3CHttpResponseCodec.java:200)
at org.openqa.selenium.remote.codec.w3c.W3CHttpResponseCodec.decode(W3CHttpResponseCodec.java:133)
at org.openqa.selenium.remote.codec.w3c.W3CHttpResponseCodec.decode(W3CHttpResponseCodec.java:53)
at org.openqa.selenium.remote.HttpCommandExecutor.execute(HttpCommandExecutor.java:184)
at org.openqa.selenium.remote.service.DriverCommandExecutor.invokeExecute(DriverCommandExecutor.java:167)
at org.openqa.selenium.remote.service.DriverCommandExecutor.execute(DriverCommandExecutor.java:142)
at org.openqa.selenium.remote.RemoteWebDriver.execute(RemoteWebDriver.java:558)
at org.openqa.selenium.remote.RemoteWebElement.execute(RemoteWebElement.java:251)
at org.openqa.selenium.remote.RemoteWebElement.click(RemoteWebElement.java:77)
at org.openqa.selenium.support.pagefactory.internal.LocatingElementHandler.invoke(LocatingElementHandler.java:52)
at com.sun.proxy.$Proxy10.click(Unknown Source)
at Utilities.GeneralUtilities.clickOnElement(GeneralUtilities.java:23)
at elementRepository.ManageDeliveryBoy.clickSaveButton(ManageDeliveryBoy.java:79)
at executeClasses.ExecuteManageDeliverBoyPage.verifyThatUserIsAbleToCreateNewDeliveryBoy(ExecuteManageDeliverBoyPage.java:34)
at java.util.concurrent.ThreadPoolExecutor.runWorker(ThreadPoolExecutor.java:1149)
at java.util.concurrent.ThreadPoolExecutor$Worker.run(ThreadPoolExecutor.java:624)
at java.lang.Thread.run(Thread.java:748)
... Removed 19 stack frames]]>
    </failure>
  </testcase> <!-- verifyThatUserIsAbleToCreateNewDeliveryBoy -->
  <testcase name="verifyUserCanDeleteASpecificGroup" time="3.986" classname="executeClasses.ExecuteManageGroups"/>
</testsuite> <!-- Chrome Test -->
