<html>
<head>
<title>TestNG:  Edge Test</title>
<link href="../testng.css" rel="stylesheet" type="text/css" />
<link href="../my-testng.css" rel="stylesheet" type="text/css" />

<style type="text/css">
.log { display: none;} 
.stack-trace { display: none;} 
</style>
<script type="text/javascript">
<!--
function flip(e) {
  current = e.style.display;
  if (current == 'block') {
    e.style.display = 'none';
    return 0;
  }
  else {
    e.style.display = 'block';
    return 1;
  }
}

function toggleBox(szDivId, elem, msg1, msg2)
{
  var res = -1;  if (document.getElementById) {
    res = flip(document.getElementById(szDivId));
  }
  else if (document.all) {
    // this is the way old msie versions work
    res = flip(document.all[szDivId]);
  }
  if(elem) {
    if(res == 0) elem.innerHTML = msg1; else elem.innerHTML = msg2;
  }

}

function toggleAllBoxes() {
  if (document.getElementsByTagName) {
    d = document.getElementsByTagName('div');
    for (i = 0; i < d.length; i++) {
      if (d[i].className == 'log') {
        flip(d[i]);
      }
    }
  }
}

// -->
</script>

</head>
<body>
<h2 align='center'>Edge Test</h2><table border='1' align="center">
<tr>
<td>Tests passed/Failed/Skipped:</td><td>28/2/0</td>
</tr><tr>
<td>Started on:</td><td>Mon Mar 21 14:14:48 IST 2022</td>
</tr>
<tr><td>Total time:</td><td>180 seconds (180873 ms)</td>
</tr><tr>
<td>Included groups:</td><td></td>
</tr><tr>
<td>Excluded groups:</td><td></td>
</tr>
</table><p/>
<small><i>(Hover the method name to see the test class name)</i></small><p/>
<table width='100%' border='1' class='invocation-failed'>
<tr><td colspan='4' align='center'><b>FAILED TESTS</b></td></tr>
<tr><td><b>Test method</b></td>
<td width="30%"><b>Exception</b></td>
<td width="10%"><b>Time (seconds)</b></td>
<td><b>Instance</b></td>
</tr>
<tr>
<td title='executeClasses.ExecuteManageDeliverBoyPage.verifyThatUserIsAbleToCreateNewDeliveryBoy()'><b>verifyThatUserIsAbleToCreateNewDeliveryBoy</b><br>Test class: executeClasses.ExecuteManageDeliverBoyPage</td>
<td><div><pre>org.openqa.selenium.ElementClickInterceptedException: element click intercepted: Element is not clickable at point (334, 776)
  (Session info: MicrosoftEdge=99.0.1150.46)
Build info: version: &apos;4.1.2&apos;, revision: &apos;9a5a329c5a&apos;
System info: host: &apos;LAPTOP-FCF0NK19&apos;, ip: &apos;192.168.10.39&apos;, os.name: &apos;Windows 10&apos;, os.arch: &apos;amd64&apos;, os.version: &apos;10.0&apos;, java.version: &apos;1.8.0_202&apos;
Driver info: org.openqa.selenium.edge.EdgeDriver
Command: [585ae2ed33992a016b0f20b944a46661, clickElement {id=75e758ff-cff0-4470-8265-71a61300e9a5}]
Capabilities {acceptInsecureCerts: false, browserName: msedge, browserVersion: 99.0.1150.46, javascriptEnabled: true, ms:edgeOptions: {debuggerAddress: localhost:62980}, msedge: {msedgedriverVersion: 98.0.1108.43 (291a4aac9d385..., userDataDir: C:\Users\user\AppData\Local...}, networkConnectionEnabled: false, pageLoadStrategy: normal, platform: WINDOWS, platformName: WINDOWS, proxy: Proxy(), se:cdp: ws://localhost:62980/devtoo..., se:cdpVersion: 99.0.1150.46, setWindowRect: true, strictFileInteractability: false, timeouts: {implicit: 0, pageLoad: 300000, script: 30000}, unhandledPromptBehavior: dismiss and notify, webauthn:extension:credBlob: true, webauthn:extension:largeBlob: true, webauthn:virtualAuthenticators: true}
Element: [[EdgeDriver: msedge on WINDOWS (585ae2ed33992a016b0f20b944a46661)] -&gt; name: create]
Session ID: 585ae2ed33992a016b0f20b944a46661
	at org.openqa.selenium.remote.codec.w3c.W3CHttpResponseCodec.createException(W3CHttpResponseCodec.java:200)
	at org.openqa.selenium.remote.codec.w3c.W3CHttpResponseCodec.decode(W3CHttpResponseCodec.java:133)
	at org.openqa.selenium.remote.codec.w3c.W3CHttpResponseCodec.decode(W3CHttpResponseCodec.java:53)
	at org.openqa.selenium.remote.HttpCommandExecutor.execute(HttpCommandExecutor.java:184)
	at org.openqa.selenium.remote.service.DriverCommandExecutor.invokeExecute(DriverCommandExecutor.java:167)
	at org.openqa.selenium.remote.service.DriverCommandExecutor.execute(DriverCommandExecutor.java:142)
	at org.openqa.selenium.remote.RemoteWebDriver.execute(RemoteWebDriver.java:558)
	at org.openqa.selenium.remote.RemoteWebElement.execute(RemoteWebElement.java:251)
	at org.openqa.selenium.remote.RemoteWebElement.click(RemoteWebElement.java:77)
	at org.openqa.selenium.support.pagefactory.internal.LocatingElementHandler.invoke(LocatingElementHandler.java:52)
	at com.sun.proxy.$Proxy10.click(Unknown Source)
	at Utilities.GeneralUtilities.clickOnElement(GeneralUtilities.java:23)
	at elementRepository.ManageDeliveryBoy.clickSaveButton(ManageDeliveryBoy.java:79)
	at executeClasses.ExecuteManageDeliverBoyPage.verifyThatUserIsAbleToCreateNewDeliveryBoy(ExecuteManageDeliverBoyPage.java:34)
	at java.util.ArrayList.forEach(ArrayList.java:1257)
... Removed 34 stack frames</pre></div><a href='#' onClick='toggleBox("stack-trace189759004", this, "Click to show all stack frames", "Click to hide stack frames")'>Click to show all stack frames</a>
<div class='stack-trace' id='stack-trace189759004'><pre>org.openqa.selenium.ElementClickInterceptedException: element click intercepted: Element is not clickable at point (334, 776)
  (Session info: MicrosoftEdge=99.0.1150.46)
Build info: version: &apos;4.1.2&apos;, revision: &apos;9a5a329c5a&apos;
System info: host: &apos;LAPTOP-FCF0NK19&apos;, ip: &apos;192.168.10.39&apos;, os.name: &apos;Windows 10&apos;, os.arch: &apos;amd64&apos;, os.version: &apos;10.0&apos;, java.version: &apos;1.8.0_202&apos;
Driver info: org.openqa.selenium.edge.EdgeDriver
Command: [585ae2ed33992a016b0f20b944a46661, clickElement {id=75e758ff-cff0-4470-8265-71a61300e9a5}]
Capabilities {acceptInsecureCerts: false, browserName: msedge, browserVersion: 99.0.1150.46, javascriptEnabled: true, ms:edgeOptions: {debuggerAddress: localhost:62980}, msedge: {msedgedriverVersion: 98.0.1108.43 (291a4aac9d385..., userDataDir: C:\Users\user\AppData\Local...}, networkConnectionEnabled: false, pageLoadStrategy: normal, platform: WINDOWS, platformName: WINDOWS, proxy: Proxy(), se:cdp: ws://localhost:62980/devtoo..., se:cdpVersion: 99.0.1150.46, setWindowRect: true, strictFileInteractability: false, timeouts: {implicit: 0, pageLoad: 300000, script: 30000}, unhandledPromptBehavior: dismiss and notify, webauthn:extension:credBlob: true, webauthn:extension:largeBlob: true, webauthn:virtualAuthenticators: true}
Element: [[EdgeDriver: msedge on WINDOWS (585ae2ed33992a016b0f20b944a46661)] -&gt; name: create]
Session ID: 585ae2ed33992a016b0f20b944a46661
	at sun.reflect.NativeConstructorAccessorImpl.newInstance0(Native Method)
	at sun.reflect.NativeConstructorAccessorImpl.newInstance(NativeConstructorAccessorImpl.java:62)
	at sun.reflect.DelegatingConstructorAccessorImpl.newInstance(DelegatingConstructorAccessorImpl.java:45)
	at java.lang.reflect.Constructor.newInstance(Constructor.java:423)
	at org.openqa.selenium.remote.codec.w3c.W3CHttpResponseCodec.createException(W3CHttpResponseCodec.java:200)
	at org.openqa.selenium.remote.codec.w3c.W3CHttpResponseCodec.decode(W3CHttpResponseCodec.java:133)
	at org.openqa.selenium.remote.codec.w3c.W3CHttpResponseCodec.decode(W3CHttpResponseCodec.java:53)
	at org.openqa.selenium.remote.HttpCommandExecutor.execute(HttpCommandExecutor.java:184)
	at org.openqa.selenium.remote.service.DriverCommandExecutor.invokeExecute(DriverCommandExecutor.java:167)
	at org.openqa.selenium.remote.service.DriverCommandExecutor.execute(DriverCommandExecutor.java:142)
	at org.openqa.selenium.remote.RemoteWebDriver.execute(RemoteWebDriver.java:558)
	at org.openqa.selenium.remote.RemoteWebElement.execute(RemoteWebElement.java:251)
	at org.openqa.selenium.remote.RemoteWebElement.click(RemoteWebElement.java:77)
	at sun.reflect.GeneratedMethodAccessor1.invoke(Unknown Source)
	at sun.reflect.DelegatingMethodAccessorImpl.invoke(DelegatingMethodAccessorImpl.java:43)
	at java.lang.reflect.Method.invoke(Method.java:498)
	at org.openqa.selenium.support.pagefactory.internal.LocatingElementHandler.invoke(LocatingElementHandler.java:52)
	at com.sun.proxy.$Proxy10.click(Unknown Source)
	at Utilities.GeneralUtilities.clickOnElement(GeneralUtilities.java:23)
	at elementRepository.ManageDeliveryBoy.clickSaveButton(ManageDeliveryBoy.java:79)
	at executeClasses.ExecuteManageDeliverBoyPage.verifyThatUserIsAbleToCreateNewDeliveryBoy(ExecuteManageDeliverBoyPage.java:34)
	at sun.reflect.NativeMethodAccessorImpl.invoke0(Native Method)
	at sun.reflect.NativeMethodAccessorImpl.invoke(NativeMethodAccessorImpl.java:62)
	at sun.reflect.DelegatingMethodAccessorImpl.invoke(DelegatingMethodAccessorImpl.java:43)
	at java.lang.reflect.Method.invoke(Method.java:498)
	at org.testng.internal.invokers.MethodInvocationHelper.invokeMethod(MethodInvocationHelper.java:135)
	at org.testng.internal.invokers.TestInvoker.invokeMethod(TestInvoker.java:673)
	at org.testng.internal.invokers.TestInvoker.invokeTestMethod(TestInvoker.java:220)
	at org.testng.internal.invokers.MethodRunner.runInSequence(MethodRunner.java:50)
	at org.testng.internal.invokers.TestInvoker$MethodInvocationAgent.invoke(TestInvoker.java:945)
	at org.testng.internal.invokers.TestInvoker.invokeTestMethods(TestInvoker.java:193)
	at org.testng.internal.invokers.TestMethodWorker.invokeTestMethods(TestMethodWorker.java:146)
	at org.testng.internal.invokers.TestMethodWorker.run(TestMethodWorker.java:128)
	at java.util.ArrayList.forEach(ArrayList.java:1257)
	at org.testng.TestRunner.privateRun(TestRunner.java:808)
	at org.testng.TestRunner.run(TestRunner.java:603)
	at org.testng.SuiteRunner.runTest(SuiteRunner.java:429)
	at org.testng.SuiteRunner.runSequentially(SuiteRunner.java:423)
	at org.testng.SuiteRunner.privateRun(SuiteRunner.java:383)
	at org.testng.SuiteRunner.run(SuiteRunner.java:326)
	at org.testng.SuiteRunnerWorker.runSuite(SuiteRunnerWorker.java:52)
	at org.testng.SuiteRunnerWorker.run(SuiteRunnerWorker.java:95)
	at org.testng.TestNG.runSuitesSequentially(TestNG.java:1249)
	at org.testng.TestNG.runSuitesLocally(TestNG.java:1169)
	at org.testng.TestNG.runSuites(TestNG.java:1092)
	at org.testng.TestNG.run(TestNG.java:1060)
	at org.testng.remote.AbstractRemoteTestNG.run(AbstractRemoteTestNG.java:115)
	at org.testng.remote.RemoteTestNG.initAndRun(RemoteTestNG.java:251)
	at org.testng.remote.RemoteTestNG.main(RemoteTestNG.java:77)
</pre></div></td>
<td>3</td>
<td>executeClasses.ExecuteManageDeliverBoyPage@3116c353</td></tr>
<tr>
<td title='executeClasses.ExecuteManageExpense.verifyUserAbleToAddNewExpense()'><b>verifyUserAbleToAddNewExpense</b><br>Test class: executeClasses.ExecuteManageExpense</td>
<td><div><pre>org.openqa.selenium.interactions.MoveTargetOutOfBoundsException: move target out of bounds: viewport size: 1366, 614
  (Session info: MicrosoftEdge=99.0.1150.46)
Build info: version: &apos;4.1.2&apos;, revision: &apos;9a5a329c5a&apos;
System info: host: &apos;LAPTOP-FCF0NK19&apos;, ip: &apos;192.168.10.39&apos;, os.name: &apos;Windows 10&apos;, os.arch: &apos;amd64&apos;, os.version: &apos;10.0&apos;, java.version: &apos;1.8.0_202&apos;
Driver info: org.openqa.selenium.edge.EdgeDriver
Command: [26fcd3ad38c11a84b9f063fac13c879f, actions {actions=[org.openqa.selenium.interactions.Sequence@46cb800b]}]
Capabilities {acceptInsecureCerts: false, browserName: msedge, browserVersion: 99.0.1150.46, javascriptEnabled: true, ms:edgeOptions: {debuggerAddress: localhost:62288}, msedge: {msedgedriverVersion: 98.0.1108.43 (291a4aac9d385..., userDataDir: C:\Users\user\AppData\Local...}, networkConnectionEnabled: false, pageLoadStrategy: normal, platform: WINDOWS, platformName: WINDOWS, proxy: Proxy(), se:cdp: ws://localhost:62288/devtoo..., se:cdpVersion: 99.0.1150.46, setWindowRect: true, strictFileInteractability: false, timeouts: {implicit: 0, pageLoad: 300000, script: 30000}, unhandledPromptBehavior: dismiss and notify, webauthn:extension:credBlob: true, webauthn:extension:largeBlob: true, webauthn:virtualAuthenticators: true}
Session ID: 26fcd3ad38c11a84b9f063fac13c879f
	at org.openqa.selenium.remote.codec.w3c.W3CHttpResponseCodec.createException(W3CHttpResponseCodec.java:200)
	at org.openqa.selenium.remote.codec.w3c.W3CHttpResponseCodec.decode(W3CHttpResponseCodec.java:133)
	at org.openqa.selenium.remote.codec.w3c.W3CHttpResponseCodec.decode(W3CHttpResponseCodec.java:53)
	at org.openqa.selenium.remote.HttpCommandExecutor.execute(HttpCommandExecutor.java:184)
	at org.openqa.selenium.remote.service.DriverCommandExecutor.invokeExecute(DriverCommandExecutor.java:167)
	at org.openqa.selenium.remote.service.DriverCommandExecutor.execute(DriverCommandExecutor.java:142)
	at org.openqa.selenium.remote.RemoteWebDriver.execute(RemoteWebDriver.java:558)
	at org.openqa.selenium.remote.RemoteWebDriver.perform(RemoteWebDriver.java:626)
	at org.openqa.selenium.interactions.Actions$BuiltAction.perform(Actions.java:656)
	at org.openqa.selenium.interactions.Actions.perform(Actions.java:612)
	at Utilities.GeneralUtilities.mouseHoverElement(GeneralUtilities.java:28)
	at elementRepository.ManageExpensePage.mouseHoverSaveButton(ManageExpensePage.java:88)
	at executeClasses.ExecuteManageExpense.verifyUserAbleToAddNewExpense(ExecuteManageExpense.java:45)
	at java.util.ArrayList.forEach(ArrayList.java:1257)
... Removed 31 stack frames</pre></div><a href='#' onClick='toggleBox("stack-trace352938766", this, "Click to show all stack frames", "Click to hide stack frames")'>Click to show all stack frames</a>
<div class='stack-trace' id='stack-trace352938766'><pre>org.openqa.selenium.interactions.MoveTargetOutOfBoundsException: move target out of bounds: viewport size: 1366, 614
  (Session info: MicrosoftEdge=99.0.1150.46)
Build info: version: &apos;4.1.2&apos;, revision: &apos;9a5a329c5a&apos;
System info: host: &apos;LAPTOP-FCF0NK19&apos;, ip: &apos;192.168.10.39&apos;, os.name: &apos;Windows 10&apos;, os.arch: &apos;amd64&apos;, os.version: &apos;10.0&apos;, java.version: &apos;1.8.0_202&apos;
Driver info: org.openqa.selenium.edge.EdgeDriver
Command: [26fcd3ad38c11a84b9f063fac13c879f, actions {actions=[org.openqa.selenium.interactions.Sequence@46cb800b]}]
Capabilities {acceptInsecureCerts: false, browserName: msedge, browserVersion: 99.0.1150.46, javascriptEnabled: true, ms:edgeOptions: {debuggerAddress: localhost:62288}, msedge: {msedgedriverVersion: 98.0.1108.43 (291a4aac9d385..., userDataDir: C:\Users\user\AppData\Local...}, networkConnectionEnabled: false, pageLoadStrategy: normal, platform: WINDOWS, platformName: WINDOWS, proxy: Proxy(), se:cdp: ws://localhost:62288/devtoo..., se:cdpVersion: 99.0.1150.46, setWindowRect: true, strictFileInteractability: false, timeouts: {implicit: 0, pageLoad: 300000, script: 30000}, unhandledPromptBehavior: dismiss and notify, webauthn:extension:credBlob: true, webauthn:extension:largeBlob: true, webauthn:virtualAuthenticators: true}
Session ID: 26fcd3ad38c11a84b9f063fac13c879f
	at sun.reflect.NativeConstructorAccessorImpl.newInstance0(Native Method)
	at sun.reflect.NativeConstructorAccessorImpl.newInstance(NativeConstructorAccessorImpl.java:62)
	at sun.reflect.DelegatingConstructorAccessorImpl.newInstance(DelegatingConstructorAccessorImpl.java:45)
	at java.lang.reflect.Constructor.newInstance(Constructor.java:423)
	at org.openqa.selenium.remote.codec.w3c.W3CHttpResponseCodec.createException(W3CHttpResponseCodec.java:200)
	at org.openqa.selenium.remote.codec.w3c.W3CHttpResponseCodec.decode(W3CHttpResponseCodec.java:133)
	at org.openqa.selenium.remote.codec.w3c.W3CHttpResponseCodec.decode(W3CHttpResponseCodec.java:53)
	at org.openqa.selenium.remote.HttpCommandExecutor.execute(HttpCommandExecutor.java:184)
	at org.openqa.selenium.remote.service.DriverCommandExecutor.invokeExecute(DriverCommandExecutor.java:167)
	at org.openqa.selenium.remote.service.DriverCommandExecutor.execute(DriverCommandExecutor.java:142)
	at org.openqa.selenium.remote.RemoteWebDriver.execute(RemoteWebDriver.java:558)
	at org.openqa.selenium.remote.RemoteWebDriver.perform(RemoteWebDriver.java:626)
	at org.openqa.selenium.interactions.Actions$BuiltAction.perform(Actions.java:656)
	at org.openqa.selenium.interactions.Actions.perform(Actions.java:612)
	at Utilities.GeneralUtilities.mouseHoverElement(GeneralUtilities.java:28)
	at elementRepository.ManageExpensePage.mouseHoverSaveButton(ManageExpensePage.java:88)
	at executeClasses.ExecuteManageExpense.verifyUserAbleToAddNewExpense(ExecuteManageExpense.java:45)
	at sun.reflect.NativeMethodAccessorImpl.invoke0(Native Method)
	at sun.reflect.NativeMethodAccessorImpl.invoke(NativeMethodAccessorImpl.java:62)
	at sun.reflect.DelegatingMethodAccessorImpl.invoke(DelegatingMethodAccessorImpl.java:43)
	at java.lang.reflect.Method.invoke(Method.java:498)
	at org.testng.internal.invokers.MethodInvocationHelper.invokeMethod(MethodInvocationHelper.java:135)
	at org.testng.internal.invokers.TestInvoker.invokeMethod(TestInvoker.java:673)
	at org.testng.internal.invokers.TestInvoker.invokeTestMethod(TestInvoker.java:220)
	at org.testng.internal.invokers.MethodRunner.runInSequence(MethodRunner.java:50)
	at org.testng.internal.invokers.TestInvoker$MethodInvocationAgent.invoke(TestInvoker.java:945)
	at org.testng.internal.invokers.TestInvoker.invokeTestMethods(TestInvoker.java:193)
	at org.testng.internal.invokers.TestMethodWorker.invokeTestMethods(TestMethodWorker.java:146)
	at org.testng.internal.invokers.TestMethodWorker.run(TestMethodWorker.java:128)
	at java.util.ArrayList.forEach(ArrayList.java:1257)
	at org.testng.TestRunner.privateRun(TestRunner.java:808)
	at org.testng.TestRunner.run(TestRunner.java:603)
	at org.testng.SuiteRunner.runTest(SuiteRunner.java:429)
	at org.testng.SuiteRunner.runSequentially(SuiteRunner.java:423)
	at org.testng.SuiteRunner.privateRun(SuiteRunner.java:383)
	at org.testng.SuiteRunner.run(SuiteRunner.java:326)
	at org.testng.SuiteRunnerWorker.runSuite(SuiteRunnerWorker.java:52)
	at org.testng.SuiteRunnerWorker.run(SuiteRunnerWorker.java:95)
	at org.testng.TestNG.runSuitesSequentially(TestNG.java:1249)
	at org.testng.TestNG.runSuitesLocally(TestNG.java:1169)
	at org.testng.TestNG.runSuites(TestNG.java:1092)
	at org.testng.TestNG.run(TestNG.java:1060)
	at org.testng.remote.AbstractRemoteTestNG.run(AbstractRemoteTestNG.java:115)
	at org.testng.remote.RemoteTestNG.initAndRun(RemoteTestNG.java:251)
	at org.testng.remote.RemoteTestNG.main(RemoteTestNG.java:77)
</pre></div></td>
<td>2</td>
<td>executeClasses.ExecuteManageExpense@239105a8</td></tr>
</table><p>
<table width='100%' border='1' class='invocation-passed'>
<tr><td colspan='4' align='center'><b>PASSED TESTS</b></td></tr>
<tr><td><b>Test method</b></td>
<td width="30%"><b>Exception</b></td>
<td width="10%"><b>Time (seconds)</b></td>
<td><b>Instance</b></td>
</tr>
<tr>
<td title='executeClasses.ExecuteLogin.verifyThatUserCannotLoginWithInvalidCredentials()'><b>verifyThatUserCannotLoginWithInvalidCredentials</b><br>Test class: executeClasses.ExecuteLogin</td>
<td></td>
<td>0</td>
<td>executeClasses.ExecuteLogin@e25951c</td></tr>
<tr>
<td title='executeClasses.ExecuteManageLocation.verifyErrorMessageForNoMatch()'><b>verifyErrorMessageForNoMatch</b><br>Test class: executeClasses.ExecuteManageLocation</td>
<td></td>
<td>1</td>
<td>executeClasses.ExecuteManageLocation@3fce8fd9</td></tr>
<tr>
<td title='executeClasses.ExecuteManageCategory.verifyUserCanEditSubCategoryInformation()'><b>verifyUserCanEditSubCategoryInformation</b><br>Test class: executeClasses.ExecuteManageCategory</td>
<td></td>
<td>3</td>
<td>executeClasses.ExecuteManageCategory@7d94beb9</td></tr>
<tr>
<td title='executeClasses.ExecuteManageGroups.verifyUserAbleToSearchASpecificGroup()'><b>verifyUserAbleToSearchASpecificGroup</b><br>Test class: executeClasses.ExecuteManageGroups</td>
<td></td>
<td>1</td>
<td>executeClasses.ExecuteManageGroups@6ea2bc93</td></tr>
<tr>
<td title='executeClasses.ExecuteManageCategory.verifyUserAbleToNavigateToAddSubCategoryPage()'><b>verifyUserAbleToNavigateToAddSubCategoryPage</b><br>Test class: executeClasses.ExecuteManageCategory</td>
<td></td>
<td>2</td>
<td>executeClasses.ExecuteManageCategory@7d94beb9</td></tr>
<tr>
<td title='executeClasses.ExecuteManageGroups.verifyUserAbleToCreateGroup()'><b>verifyUserAbleToCreateGroup</b><br>Test class: executeClasses.ExecuteManageGroups</td>
<td></td>
<td>3</td>
<td>executeClasses.ExecuteManageGroups@6ea2bc93</td></tr>
<tr>
<td title='executeClasses.ExecuteExpenseCategory.verifyUserAbleToAddExpenseCategory()'><b>verifyUserAbleToAddExpenseCategory</b><br>Test class: executeClasses.ExecuteExpenseCategory</td>
<td></td>
<td>1</td>
<td>executeClasses.ExecuteExpenseCategory@31edaa7d</td></tr>
<tr>
<td title='executeClasses.ExecuteManageLocation.verifyUserAbleToAddLocation()'><b>verifyUserAbleToAddLocation</b><br>Test class: executeClasses.ExecuteManageLocation</td>
<td></td>
<td>6</td>
<td>executeClasses.ExecuteManageLocation@3fce8fd9</td></tr>
<tr>
<td title='executeClasses.ExecuteLogin.verifyLoggedUsername()'><b>verifyLoggedUsername</b><br>Test class: executeClasses.ExecuteLogin</td>
<td></td>
<td>0</td>
<td>executeClasses.ExecuteLogin@e25951c</td></tr>
<tr>
<td title='executeClasses.ExecuteManageOrder.verifyUserCanChangeDeliveryTime()'><b>verifyUserCanChangeDeliveryTime</b><br>Test class: executeClasses.ExecuteManageOrder</td>
<td></td>
<td>4</td>
<td>executeClasses.ExecuteManageOrder@609bcfb6</td></tr>
<tr>
<td title='executeClasses.ExecuteManageCategory.verifyTextOfNextButton()'><b>verifyTextOfNextButton</b><br>Test class: executeClasses.ExecuteManageCategory</td>
<td></td>
<td>1</td>
<td>executeClasses.ExecuteManageCategory@7d94beb9</td></tr>
<tr>
<td title='executeClasses.ExecuteManageCategory.verifyUserAbleToNavigateToAddCategoryPage()'><b>verifyUserAbleToNavigateToAddCategoryPage</b><br>Test class: executeClasses.ExecuteManageCategory</td>
<td></td>
<td>2</td>
<td>executeClasses.ExecuteManageCategory@7d94beb9</td></tr>
<tr>
<td title='executeClasses.ExecuteExpenseCategory.verifyNoTwoExpensesWithSameNameCanBeCreated()'><b>verifyNoTwoExpensesWithSameNameCanBeCreated</b><br>Test class: executeClasses.ExecuteExpenseCategory</td>
<td></td>
<td>1</td>
<td>executeClasses.ExecuteExpenseCategory@31edaa7d</td></tr>
<tr>
<td title='executeClasses.ExecuteManageLocation.verifyUserAbleToSearchLocationWithCountryName()'><b>verifyUserAbleToSearchLocationWithCountryName</b><br>Test class: executeClasses.ExecuteManageLocation</td>
<td></td>
<td>1</td>
<td>executeClasses.ExecuteManageLocation@3fce8fd9</td></tr>
<tr>
<td title='executeClasses.ExecuteLogin.verifyUserAbleToLoginWithValidCredentials()'><b>verifyUserAbleToLoginWithValidCredentials</b><br>Test class: executeClasses.ExecuteLogin</td>
<td></td>
<td>0</td>
<td>executeClasses.ExecuteLogin@e25951c</td></tr>
<tr>
<td title='executeClasses.ExecuteLogin.verifyLoginButtonText()'><b>verifyLoginButtonText</b><br>Test class: executeClasses.ExecuteLogin</td>
<td></td>
<td>0</td>
<td>executeClasses.ExecuteLogin@e25951c</td></tr>
<tr>
<td title='executeClasses.ExecuteExpenseCategory.verifyErrorMessageForNoMatch()'><b>verifyErrorMessageForNoMatch</b><br>Test class: executeClasses.ExecuteExpenseCategory</td>
<td></td>
<td>1</td>
<td>executeClasses.ExecuteExpenseCategory@31edaa7d</td></tr>
<tr>
<td title='executeClasses.ExecuteManageGroups.verifyNoTwoGroupsWithSameNameCanBeCreated()'><b>verifyNoTwoGroupsWithSameNameCanBeCreated</b><br>Test class: executeClasses.ExecuteManageGroups</td>
<td></td>
<td>2</td>
<td>executeClasses.ExecuteManageGroups@6ea2bc93</td></tr>
<tr>
<td title='executeClasses.ExecuteExpenseCategory.verifyTextOfNewButton()'><b>verifyTextOfNewButton</b><br>Test class: executeClasses.ExecuteExpenseCategory</td>
<td></td>
<td>4</td>
<td>executeClasses.ExecuteExpenseCategory@31edaa7d</td></tr>
<tr>
<td title='executeClasses.ExecuteManageOrder.verifyWorkingOfResetButton()'><b>verifyWorkingOfResetButton</b><br>Test class: executeClasses.ExecuteManageOrder</td>
<td></td>
<td>1</td>
<td>executeClasses.ExecuteManageOrder@609bcfb6</td></tr>
<tr>
<td title='executeClasses.ExecuteManageOrder.verifyErrorMessageforNoSearch()'><b>verifyErrorMessageforNoSearch</b><br>Test class: executeClasses.ExecuteManageOrder</td>
<td></td>
<td>1</td>
<td>executeClasses.ExecuteManageOrder@609bcfb6</td></tr>
<tr>
<td title='executeClasses.ExecuteManageGroups.verifyErrorMessageForInvalidSearch()'><b>verifyErrorMessageForInvalidSearch</b><br>Test class: executeClasses.ExecuteManageGroups</td>
<td></td>
<td>1</td>
<td>executeClasses.ExecuteManageGroups@6ea2bc93</td></tr>
<tr>
<td title='executeClasses.ExecuteManageLocation.verifyUserAbleToChangeLocationStatus()'><b>verifyUserAbleToChangeLocationStatus</b><br>Test class: executeClasses.ExecuteManageLocation</td>
<td></td>
<td>4</td>
<td>executeClasses.ExecuteManageLocation@3fce8fd9</td></tr>
<tr>
<td title='executeClasses.ExecuteManageOrder.verifyUserIsAbleToViewOrderDetails()'><b>verifyUserIsAbleToViewOrderDetails</b><br>Test class: executeClasses.ExecuteManageOrder</td>
<td></td>
<td>2</td>
<td>executeClasses.ExecuteManageOrder@609bcfb6</td></tr>
<tr>
<td title='executeClasses.ExecuteManageCOD.verifyUserAbleToEditCODInformation()'><b>verifyUserAbleToEditCODInformation</b><br>Test class: executeClasses.ExecuteManageCOD</td>
<td></td>
<td>1</td>
<td>executeClasses.ExecuteManageCOD@26adfd2d</td></tr>
<tr>
<td title='executeClasses.ExecuteLogin.verifyUserIsAbleToClickRemembermeCheckBox()'><b>verifyUserIsAbleToClickRemembermeCheckBox</b><br>Test class: executeClasses.ExecuteLogin</td>
<td></td>
<td>0</td>
<td>executeClasses.ExecuteLogin@e25951c</td></tr>
<tr>
<td title='executeClasses.ExecuteExpenseCategory.verifyThatUserIsAbleToSearchExpenseCategory()'><b>verifyThatUserIsAbleToSearchExpenseCategory</b><br>Test class: executeClasses.ExecuteExpenseCategory</td>
<td></td>
<td>1</td>
<td>executeClasses.ExecuteExpenseCategory@31edaa7d</td></tr>
<tr>
<td title='executeClasses.ExecuteManageGroups.verifyUserCanDeleteASpecificGroup()'><b>verifyUserCanDeleteASpecificGroup</b><br>Test class: executeClasses.ExecuteManageGroups</td>
<td></td>
<td>3</td>
<td>executeClasses.ExecuteManageGroups@6ea2bc93</td></tr>
</table><p>
</body>
</html>