<?xml version="1.0" encoding="UTF-8"?>
<!-- Generated by org.testng.reporters.JUnitXMLReporter -->
<testsuite hostname="LAPTOP-FCF0NK19" ignored="0" name="Edge Test" tests="30" failures="2" timestamp="2022-03-21T14:17:49 IST" time="180.873" errors="0">
  <testcase name="verifyLoggedUsername" time="0.439" classname="executeClasses.ExecuteLogin"/>
  <testcase name="verifyLoginButtonText" time="0.042" classname="executeClasses.ExecuteLogin"/>
  <testcase name="verifyThatUserCannotLoginWithInvalidCredentials" time="0.267" classname="executeClasses.ExecuteLogin"/>
  <testcase name="verifyUserAbleToLoginWithValidCredentials" time="0.478" classname="executeClasses.ExecuteLogin"/>
  <testcase name="verifyUserIsAbleToClickRemembermeCheckBox" time="0.063" classname="executeClasses.ExecuteLogin"/>
  <testcase name="verifyErrorMessageForNoMatch" time="1.563" classname="executeClasses.ExecuteExpenseCategory"/>
  <testcase name="verifyNoTwoExpensesWithSameNameCanBeCreated" time="1.616" classname="executeClasses.ExecuteExpenseCategory"/>
  <testcase name="verifyTextOfNewButton" time="4.077" classname="executeClasses.ExecuteExpenseCategory"/>
  <testcase name="verifyThatUserIsAbleToSearchExpenseCategory" time="1.535" classname="executeClasses.ExecuteExpenseCategory"/>
  <testcase name="verifyUserAbleToAddExpenseCategory" time="1.57" classname="executeClasses.ExecuteExpenseCategory"/>
  <testcase name="verifyUserAbleToEditCODInformation" time="1.694" classname="executeClasses.ExecuteManageCOD"/>
  <testcase name="verifyUserAbleToAddNewExpense" time="2.641" classname="executeClasses.ExecuteManageExpense">
    <failure type="org.openqa.selenium.interactions.MoveTargetOutOfBoundsException" message="move target out of bounds: viewport size: 1366, 614
  (Session info: MicrosoftEdge=99.0.1150.46)
Build info: version: &amp;apos;4.1.2&amp;apos;, revision: &amp;apos;9a5a329c5a&amp;apos;
System info: host: &amp;apos;LAPTOP-FCF0NK19&amp;apos;, ip: &amp;apos;192.168.10.39&amp;apos;, os.name: &amp;apos;Windows 10&amp;apos;, os.arch: &amp;apos;amd64&amp;apos;, os.version: &amp;apos;10.0&amp;apos;, java.version: &amp;apos;1.8.0_202&amp;apos;
Driver info: org.openqa.selenium.edge.EdgeDriver
Command: [26fcd3ad38c11a84b9f063fac13c879f, actions {actions=[org.openqa.selenium.interactions.Sequence@46cb800b]}]
Capabilities {acceptInsecureCerts: false, browserName: msedge, browserVersion: 99.0.1150.46, javascriptEnabled: true, ms:edgeOptions: {debuggerAddress: localhost:62288}, msedge: {msedgedriverVersion: 98.0.1108.43 (291a4aac9d385..., userDataDir: C:\Users\user\AppData\Local...}, networkConnectionEnabled: false, pageLoadStrategy: normal, platform: WINDOWS, platformName: WINDOWS, proxy: Proxy(), se:cdp: ws://localhost:62288/devtoo..., se:cdpVersion: 99.0.1150.46, setWindowRect: true, strictFileInteractability: false, timeouts: {implicit: 0, pageLoad: 300000, script: 30000}, unhandledPromptBehavior: dismiss and notify, webauthn:extension:credBlob: true, webauthn:extension:largeBlob: true, webauthn:virtualAuthenticators: true}
Session ID: 26fcd3ad38c11a84b9f063fac13c879f">
      <![CDATA[org.openqa.selenium.interactions.MoveTargetOutOfBoundsException: move target out of bounds: viewport size: 1366, 614
  (Session info: MicrosoftEdge=99.0.1150.46)
Build info: version: '4.1.2', revision: '9a5a329c5a'
System info: host: 'LAPTOP-FCF0NK19', ip: '192.168.10.39', os.name: 'Windows 10', os.arch: 'amd64', os.version: '10.0', java.version: '1.8.0_202'
Driver info: org.openqa.selenium.edge.EdgeDriver
Command: [26fcd3ad38c11a84b9f063fac13c879f, actions {actions=[org.openqa.selenium.interactions.Sequence@46cb800b]}]
Capabilities {acceptInsecureCerts: false, browserName: msedge, browserVersion: 99.0.1150.46, javascriptEnabled: true, ms:edgeOptions: {debuggerAddress: localhost:62288}, msedge: {msedgedriverVersion: 98.0.1108.43 (291a4aac9d385..., userDataDir: C:\Users\user\AppData\Local...}, networkConnectionEnabled: false, pageLoadStrategy: normal, platform: WINDOWS, platformName: WINDOWS, proxy: Proxy(), se:cdp: ws://localhost:62288/devtoo..., se:cdpVersion: 99.0.1150.46, setWindowRect: true, strictFileInteractability: false, timeouts: {implicit: 0, pageLoad: 300000, script: 30000}, unhandledPromptBehavior: dismiss and notify, webauthn:extension:credBlob: true, webauthn:extension:largeBlob: true, webauthn:virtualAuthenticators: true}
Session ID: 26fcd3ad38c11a84b9f063fac13c879f
at org.openqa.selenium.remote.codec.w3c.W3CHttpResponseCodec.createException(W3CHttpResponseCodec.java:200)
at org.openqa.selenium.remote.codec.w3c.W3CHttpResponseCodec.decode(W3CHttpResponseCodec.java:133)
at org.openqa.selenium.remote.codec.w3c.W3CHttpResponseCodec.decode(W3CHttpResponseCodec.java:53)
at org.openqa.selenium.remote.HttpCommandExecutor.execute(HttpCommandExecutor.java:184)
at org.openqa.selenium.remote.service.DriverCommandExecutor.invokeExecute(DriverCommandExecutor.java:167)
at org.openqa.selenium.remote.service.DriverCommandExecutor.execute(DriverCommandExecutor.java:142)
at org.openqa.selenium.remote.RemoteWebDriver.execute(RemoteWebDriver.java:558)
at org.openqa.selenium.remote.RemoteWebDriver.perform(RemoteWebDriver.java:626)
at org.openqa.selenium.interactions.Actions$BuiltAction.perform(Actions.java:656)
at org.openqa.selenium.interactions.Actions.perform(Actions.java:612)
at Utilities.GeneralUtilities.mouseHoverElement(GeneralUtilities.java:28)
at elementRepository.ManageExpensePage.mouseHoverSaveButton(ManageExpensePage.java:88)
at executeClasses.ExecuteManageExpense.verifyUserAbleToAddNewExpense(ExecuteManageExpense.java:45)
at java.util.ArrayList.forEach(ArrayList.java:1257)
... Removed 31 stack frames]]>
    </failure>
  </testcase> <!-- verifyUserAbleToAddNewExpense -->
  <testcase name="verifyErrorMessageForNoMatch" time="1.705" classname="executeClasses.ExecuteManageLocation"/>
  <testcase name="verifyUserAbleToAddLocation" time="6.471" classname="executeClasses.ExecuteManageLocation"/>
  <testcase name="verifyUserAbleToChangeLocationStatus" time="4.901" classname="executeClasses.ExecuteManageLocation"/>
  <testcase name="verifyUserAbleToSearchLocationWithCountryName" time="1.594" classname="executeClasses.ExecuteManageLocation"/>
  <testcase name="verifyErrorMessageforNoSearch" time="1.922" classname="executeClasses.ExecuteManageOrder"/>
  <testcase name="verifyUserCanChangeDeliveryTime" time="4.29" classname="executeClasses.ExecuteManageOrder"/>
  <testcase name="verifyUserIsAbleToViewOrderDetails" time="2.158" classname="executeClasses.ExecuteManageOrder"/>
  <testcase name="verifyWorkingOfResetButton" time="1.926" classname="executeClasses.ExecuteManageOrder"/>
  <testcase name="verifyTextOfNextButton" time="1.297" classname="executeClasses.ExecuteManageCategory"/>
  <testcase name="verifyUserAbleToNavigateToAddCategoryPage" time="2.716" classname="executeClasses.ExecuteManageCategory"/>
  <testcase name="verifyUserAbleToNavigateToAddSubCategoryPage" time="2.083" classname="executeClasses.ExecuteManageCategory"/>
  <testcase name="verifyUserCanEditSubCategoryInformation" time="3.193" classname="executeClasses.ExecuteManageCategory"/>
  <testcase name="verifyErrorMessageForInvalidSearch" time="1.599" classname="executeClasses.ExecuteManageGroups"/>
  <testcase name="verifyNoTwoGroupsWithSameNameCanBeCreated" time="2.38" classname="executeClasses.ExecuteManageGroups"/>
  <testcase name="verifyUserAbleToCreateGroup" time="3.304" classname="executeClasses.ExecuteManageGroups"/>
  <testcase name="verifyUserAbleToSearchASpecificGroup" time="1.749" classname="executeClasses.ExecuteManageGroups"/>
  <testcase name="verifyUserCanDeleteASpecificGroup" time="3.611" classname="executeClasses.ExecuteManageGroups"/>
  <testcase name="verifyThatUserIsAbleToCreateNewDeliveryBoy" time="3.085" classname="executeClasses.ExecuteManageDeliverBoyPage">
    <failure type="org.openqa.selenium.ElementClickInterceptedException" message="element click intercepted: Element is not clickable at point (334, 776)
  (Session info: MicrosoftEdge=99.0.1150.46)
Build info: version: &amp;apos;4.1.2&amp;apos;, revision: &amp;apos;9a5a329c5a&amp;apos;
System info: host: &amp;apos;LAPTOP-FCF0NK19&amp;apos;, ip: &amp;apos;192.168.10.39&amp;apos;, os.name: &amp;apos;Windows 10&amp;apos;, os.arch: &amp;apos;amd64&amp;apos;, os.version: &amp;apos;10.0&amp;apos;, java.version: &amp;apos;1.8.0_202&amp;apos;
Driver info: org.openqa.selenium.edge.EdgeDriver
Command: [585ae2ed33992a016b0f20b944a46661, clickElement {id=75e758ff-cff0-4470-8265-71a61300e9a5}]
Capabilities {acceptInsecureCerts: false, browserName: msedge, browserVersion: 99.0.1150.46, javascriptEnabled: true, ms:edgeOptions: {debuggerAddress: localhost:62980}, msedge: {msedgedriverVersion: 98.0.1108.43 (291a4aac9d385..., userDataDir: C:\Users\user\AppData\Local...}, networkConnectionEnabled: false, pageLoadStrategy: normal, platform: WINDOWS, platformName: WINDOWS, proxy: Proxy(), se:cdp: ws://localhost:62980/devtoo..., se:cdpVersion: 99.0.1150.46, setWindowRect: true, strictFileInteractability: false, timeouts: {implicit: 0, pageLoad: 300000, script: 30000}, unhandledPromptBehavior: dismiss and notify, webauthn:extension:credBlob: true, webauthn:extension:largeBlob: true, webauthn:virtualAuthenticators: true}
Element: [[EdgeDriver: msedge on WINDOWS (585ae2ed33992a016b0f20b944a46661)] -&amp;gt; name: create]
Session ID: 585ae2ed33992a016b0f20b944a46661">
      <![CDATA[org.openqa.selenium.ElementClickInterceptedException: element click intercepted: Element is not clickable at point (334, 776)
  (Session info: MicrosoftEdge=99.0.1150.46)
Build info: version: '4.1.2', revision: '9a5a329c5a'
System info: host: 'LAPTOP-FCF0NK19', ip: '192.168.10.39', os.name: 'Windows 10', os.arch: 'amd64', os.version: '10.0', java.version: '1.8.0_202'
Driver info: org.openqa.selenium.edge.EdgeDriver
Command: [585ae2ed33992a016b0f20b944a46661, clickElement {id=75e758ff-cff0-4470-8265-71a61300e9a5}]
Capabilities {acceptInsecureCerts: false, browserName: msedge, browserVersion: 99.0.1150.46, javascriptEnabled: true, ms:edgeOptions: {debuggerAddress: localhost:62980}, msedge: {msedgedriverVersion: 98.0.1108.43 (291a4aac9d385..., userDataDir: C:\Users\user\AppData\Local...}, networkConnectionEnabled: false, pageLoadStrategy: normal, platform: WINDOWS, platformName: WINDOWS, proxy: Proxy(), se:cdp: ws://localhost:62980/devtoo..., se:cdpVersion: 99.0.1150.46, setWindowRect: true, strictFileInteractability: false, timeouts: {implicit: 0, pageLoad: 300000, script: 30000}, unhandledPromptBehavior: dismiss and notify, webauthn:extension:credBlob: true, webauthn:extension:largeBlob: true, webauthn:virtualAuthenticators: true}
Element: [[EdgeDriver: msedge on WINDOWS (585ae2ed33992a016b0f20b944a46661)] -> name: create]
Session ID: 585ae2ed33992a016b0f20b944a46661
at org.openqa.selenium.remote.codec.w3c.W3CHttpResponseCodec.createException(W3CHttpResponseCodec.java:200)
at org.openqa.selenium.remote.codec.w3c.W3CHttpResponseCodec.decode(W3CHttpResponseCodec.java:133)
at org.openqa.selenium.remote.codec.w3c.W3CHttpResponseCodec.decode(W3CHttpResponseCodec.java:53)
at org.openqa.selenium.remote.HttpCommandExecutor.execute(HttpCommandExecutor.java:184)
at org.openqa.selenium.remote.service.DriverCommandExecutor.invokeExecute(DriverCommandExecutor.java:167)
at org.openqa.selenium.remote.service.DriverCommandExecutor.execute(DriverCommandExecutor.java:142)
at org.openqa.selenium.remote.RemoteWebDriver.execute(RemoteWebDriver.java:558)
at org.openqa.selenium.remote.RemoteWebElement.execute(RemoteWebElement.java:251)
at org.openqa.selenium.remote.RemoteWebElement.click(RemoteWebElement.java:77)
at org.openqa.selenium.support.pagefactory.internal.LocatingElementHandler.invoke(LocatingElementHandler.java:52)
at com.sun.proxy.$Proxy10.click(Unknown Source)
at Utilities.GeneralUtilities.clickOnElement(GeneralUtilities.java:23)
at elementRepository.ManageDeliveryBoy.clickSaveButton(ManageDeliveryBoy.java:79)
at executeClasses.ExecuteManageDeliverBoyPage.verifyThatUserIsAbleToCreateNewDeliveryBoy(ExecuteManageDeliverBoyPage.java:34)
at java.util.ArrayList.forEach(ArrayList.java:1257)
... Removed 34 stack frames]]>
    </failure>
  </testcase> <!-- verifyThatUserIsAbleToCreateNewDeliveryBoy -->
</testsuite> <!-- Edge Test -->
